- 1119825783 2005.06.26 R24-M1-NB-C:J02-U01 2005-06-26-15.43.03.133837 R24-M1-NB-C:J02-U01 RAS KERNEL FATAL UqntfwsL3 fEOFZxGLo wHAIQ error vaw6 luElsfZp
- 1119825783 2005.06.26 R24-M1-NB-C:J02-U01 2005-06-26-15.43.03.133837 R24-M1-NB-C:J02-U01 RAS KERNEL FATAL UqntfwsL3 fEOFZxGLo wHAIQ null vaw6 luElsfZp
- 1119825783 2005.06.26 R24-M1-NB-C:J02-U01 2005-06-26-15.43.03.133837 R24-M1-NB-C:J02-U01 RAS KERNEL FATAL UqntfwsL3 fEOFZxGLo wHAIQ false vaw6 luElsfZp
- 1119825783 2005.06.26 R24-M1-NB-C:J02-U01 2005-06-26-15.43.03.133837 R24-M1-NB-C:J02-U01 RAS KERNEL FATAL UqntfwsL3 fEOFZxGLo wHAIQ true vaw6 luElsfZp
- 1119825783 2005.06.26 R24-M1-NB-C:J02-U01 2005-06-26-15.43.03.133837 R24-M1-NB-C:J02-U01 RAS KERNEL FATAL UqntfwsL3 fEOFZxGLo wHAIQ zero vaw6 luElsfZp
- 1119825783 2005.06.26 R24-M1-NB-C:J02-U01 2005-06-26-15.43.03.133837 R24-M1-NB-C:J02-U01 RAS KERNEL FATAL UqntfwsL3 fEOFZxGLo wHAIQ one vaw6 luElsfZp
- 1119825783 2005.06.26 R24-M1-NB-C:J02-U01 2005-06-26-15.43.03.133837 R24-M1-NB-C:J02-U01 RAS KERNEL FATAL I am live
- 1119825783 2005.06.26 R24-M1-NB-C:J02-U01 2005-06-26-15.43.03.133837 R24-M1-NB-C:J02-U01 RAS KERNEL FATAL I am dead
- 1119825783 2005.06.26 R24-M1-NB-C:J02-U01 2005-06-26-15.43.03.133837 R24-M1-NB-C:J02-U01 RAS KERNEL FATAL I am live
- 1119825783 2005.06.26 R24-M1-NB-C:J02-U01 2005-06-26-15.43.03.133837 R24-M1-NB-C:J02-U01 RAS KERNEL FATAL UqntfwsL3 fEOFZxGLo wHAIQ error vaw6 luElsfZp
- 1119825783 2005.06.26 R24-M1-NB-C:J02-U01 2005-06-26-15.43.03.133837 R24-M1-NB-C:J02-U01 RAS KERNEL FATAL UqntfwsL3 fEOFZxGLo wHAIQ null vaw6 luElsfZp
- 1119825783 2005.06.26 R24-M1-NB-C:J02-U01 2005-06-26-15.43.03.133837 R24-M1-NB-C:J02-U01 RAS KERNEL FATAL UqntfwsL3 fEOFZxGLo wHAIQ false vaw6 luElsfZp
- 1119825783 2005.06.26 R24-M1-NB-C:J02-U01 2005-06-26-15.43.03.133837 R24-M1-NB-C:J02-U01 RAS KERNEL FATAL UqntfwsL3 fEOFZxGLo wHAIQ true vaw6 luElsfZp
- 1119825783 2005.06.26 R24-M1-NB-C:J02-U01 2005-06-26-15.43.03.133837 R24-M1-NB-C:J02-U01 RAS KERNEL FATAL UqntfwsL3 fEOFZxGLo wHAIQ zero vaw6 luElsfZp
- 1119825783 2005.06.26 R24-M1-NB-C:J02-U01 2005-06-26-15.43.03.133837 R24-M1-NB-C:J02-U01 RAS KERNEL FATAL UqntfwsL3 fEOFZxGLo wHAIQ one vaw6 luElsfZp
- 1119825783 2005.06.26 R24-M1-NB-C:J02-U01 2005-06-26-15.43.03.133837 R24-M1-NB-C:J02-U01 RAS KERNEL FATAL kNgK vaw6 a EFxLo aidof kdofaj
- 1119825783 2005.06.26 R24-M1-NB-C:J02-U01 2005-06-26-15.43.03.133837 R24-M1-NB-C:J02-U01 RAS KERNEL FATAL fEOFZx vaw6 b EFxLo kfjaopwe kdjfow
- 1119825783 2005.06.26 R24-M1-NB-C:J02-U01 2005-06-26-15.43.03.133837 R24-M1-NB-C:J02-U01 RAS KERNEL FATAL wHA vaw6 c EFxLo ajf eijo
- 1119825783 2005.06.26 R24-M1-NB-C:J02-U01 2005-06-26-15.43.03.133837 R24-M1-NB-C:J02-U01 RAS KERNEL FATAL luEls vaw6 d EFxLo viob eoj
- 1119825783 2005.06.26 R24-M1-NB-C:J02-U01 2005-06-26-15.43.03.133837 R24-M1-NB-C:J02-U01 RAS KERNEL FATAL lufZp vaw6 e EFxLo zoi kjvow
- 1119825783 2005.06.26 R24-M1-NB-C:J02-U01 2005-06-26-15.43.03.133837 R24-M1-NB-C:J02-U01 RAS KERNEL FATAL uEsZ vaw6 f EFxLo weqnio jkpbiwe